<?xml version="1.0" encoding="UTF-8"?>
<testsuite name="CoffeeMachineTest" tests="1" skipped="0" failures="1" errors="0" timestamp="2020-06-03T01:34:24" hostname="LAPTOP-URHLASUB" time="0.08">
  <properties/>
  <testcase name="start" classname="CoffeeMachineTest" time="0.08">
    <failure message="java.lang.AssertionError: Exception in test #1&#10;&#10;java.lang.IllegalArgumentException: No enum constant machine.State.&#13;&#10;&#9;at java.base/java.lang.Enum.valueOf(Enum.java:240)&#13;&#10;&#9;at machine.State.valueOf(CoffeeMachine.java:5)&#13;&#10;&#9;at machine.CoffeeMachine.main(CoffeeMachine.java:172)&#10;&#10;Please find below the output of your program during this failed test.&#10;Note that the '&gt;' character indicates the beginning of the input line.&#10;&#10;---&#10;&#10;Write action (buy, fill, take, remaining, exit): &#10;&gt; remaining&#10;The coffee machine has:&#10;400 of water&#10;540 of milk&#10;120 of coffee beans&#10;9 of disposable cups&#10;$550 of money&#10;Write action (buy, fill, take, remaining, exit): &#10;&gt; buy&#10;What do you want to buy? 1 - espresso, 2 - latte, 3 - cappuccino, back - to main menu: &#10;&gt; 2&#10;Write action (buy, fill, take, remaining, exit): &#10;&gt; buy&#10;What do you want to buy? 1 - espresso, 2 - latte, 3 - cappuccino, back - to main menu: &#10;&gt; 2&#10;Sorry, not enough water!&#10;I have enough resources, making you a coffee!&#10;Write action (buy, fill, take, remaining, exit): &#10;&gt; fill&#10;Write how many ml of water do you want to add: &#10;&gt; 1000&#10;Write how many ml of milk do you want to add: &#10;&gt; 0&#10;Write how many grams of coffee beans do you want to add: &#10;&gt; 0&#10;Write how many disposable cups of coffee do you want to add: &#10;&gt; 0&#10;Write action (buy, fill, take, remaining, exit):" type="java.lang.AssertionError">java.lang.AssertionError: Exception in test #1

java.lang.IllegalArgumentException: No enum constant machine.State.
	at java.base/java.lang.Enum.valueOf(Enum.java:240)
	at machine.State.valueOf(CoffeeMachine.java:5)
	at machine.CoffeeMachine.main(CoffeeMachine.java:172)

Please find below the output of your program during this failed test.
Note that the '&gt;' character indicates the beginning of the input line.

---

Write action (buy, fill, take, remaining, exit): 
&gt; remaining
The coffee machine has:
400 of water
540 of milk
120 of coffee beans
9 of disposable cups
$550 of money
Write action (buy, fill, take, remaining, exit): 
&gt; buy
What do you want to buy? 1 - espresso, 2 - latte, 3 - cappuccino, back - to main menu: 
&gt; 2
Write action (buy, fill, take, remaining, exit): 
&gt; buy
What do you want to buy? 1 - espresso, 2 - latte, 3 - cappuccino, back - to main menu: 
&gt; 2
Sorry, not enough water!
I have enough resources, making you a coffee!
Write action (buy, fill, take, remaining, exit): 
&gt; fill
Write how many ml of water do you want to add: 
&gt; 1000
Write how many ml of milk do you want to add: 
&gt; 0
Write how many grams of coffee beans do you want to add: 
&gt; 0
Write how many disposable cups of coffee do you want to add: 
&gt; 0
Write action (buy, fill, take, remaining, exit):
	at org.junit.Assert.fail(Assert.java:88)
	at org.hyperskill.hstest.stage.StageTest.start(StageTest.java:97)
	at java.base/jdk.internal.reflect.NativeMethodAccessorImpl.invoke0(Native Method)
	at java.base/jdk.internal.reflect.NativeMethodAccessorImpl.invoke(NativeMethodAccessorImpl.java:62)
	at java.base/jdk.internal.reflect.DelegatingMethodAccessorImpl.invoke(DelegatingMethodAccessorImpl.java:43)
	at java.base/java.lang.reflect.Method.invoke(Method.java:566)
	at org.junit.runners.model.FrameworkMethod$1.runReflectiveCall(FrameworkMethod.java:50)
	at org.junit.internal.runners.model.ReflectiveCallable.run(ReflectiveCallable.java:12)
	at org.junit.runners.model.FrameworkMethod.invokeExplosively(FrameworkMethod.java:47)
	at org.junit.internal.runners.statements.InvokeMethod.evaluate(InvokeMethod.java:17)
	at org.junit.runners.ParentRunner.runLeaf(ParentRunner.java:325)
	at org.junit.runners.BlockJUnit4ClassRunner.runChild(BlockJUnit4ClassRunner.java:78)
	at org.junit.runners.BlockJUnit4ClassRunner.runChild(BlockJUnit4ClassRunner.java:57)
	at org.junit.runners.ParentRunner$3.run(ParentRunner.java:290)
	at org.junit.runners.ParentRunner$1.schedule(ParentRunner.java:71)
	at org.junit.runners.ParentRunner.runChildren(ParentRunner.java:288)
	at org.junit.runners.ParentRunner.access$000(ParentRunner.java:58)
	at org.junit.runners.ParentRunner$2.evaluate(ParentRunner.java:268)
	at org.junit.runners.ParentRunner.run(ParentRunner.java:363)
	at org.gradle.api.internal.tasks.testing.junit.JUnitTestClassExecutor.runTestClass(JUnitTestClassExecutor.java:110)
	at org.gradle.api.internal.tasks.testing.junit.JUnitTestClassExecutor.execute(JUnitTestClassExecutor.java:58)
	at org.gradle.api.internal.tasks.testing.junit.JUnitTestClassExecutor.execute(JUnitTestClassExecutor.java:38)
	at org.gradle.api.internal.tasks.testing.junit.AbstractJUnitTestClassProcessor.processTestClass(AbstractJUnitTestClassProcessor.java:62)
	at org.gradle.api.internal.tasks.testing.SuiteTestClassProcessor.processTestClass(SuiteTestClassProcessor.java:51)
	at java.base/jdk.internal.reflect.NativeMethodAccessorImpl.invoke0(Native Method)
	at java.base/jdk.internal.reflect.NativeMethodAccessorImpl.invoke(NativeMethodAccessorImpl.java:62)
	at java.base/jdk.internal.reflect.DelegatingMethodAccessorImpl.invoke(DelegatingMethodAccessorImpl.java:43)
	at java.base/java.lang.reflect.Method.invoke(Method.java:566)
	at org.gradle.internal.dispatch.ReflectionDispatch.dispatch(ReflectionDispatch.java:35)
	at org.gradle.internal.dispatch.ReflectionDispatch.dispatch(ReflectionDispatch.java:24)
	at org.gradle.internal.dispatch.ContextClassLoaderDispatch.dispatch(ContextClassLoaderDispatch.java:32)
	at org.gradle.internal.dispatch.ProxyDispatchAdapter$DispatchingInvocationHandler.invoke(ProxyDispatchAdapter.java:93)
	at com.sun.proxy.$Proxy2.processTestClass(Unknown Source)
	at org.gradle.api.internal.tasks.testing.worker.TestWorker.processTestClass(TestWorker.java:118)
	at java.base/jdk.internal.reflect.NativeMethodAccessorImpl.invoke0(Native Method)
	at java.base/jdk.internal.reflect.NativeMethodAccessorImpl.invoke(NativeMethodAccessorImpl.java:62)
	at java.base/jdk.internal.reflect.DelegatingMethodAccessorImpl.invoke(DelegatingMethodAccessorImpl.java:43)
	at java.base/java.lang.reflect.Method.invoke(Method.java:566)
	at org.gradle.internal.dispatch.ReflectionDispatch.dispatch(ReflectionDispatch.java:35)
	at org.gradle.internal.dispatch.ReflectionDispatch.dispatch(ReflectionDispatch.java:24)
	at org.gradle.internal.remote.internal.hub.MessageHubBackedObjectConnection$DispatchWrapper.dispatch(MessageHubBackedObjectConnection.java:175)
	at org.gradle.internal.remote.internal.hub.MessageHubBackedObjectConnection$DispatchWrapper.dispatch(MessageHubBackedObjectConnection.java:157)
	at org.gradle.internal.remote.internal.hub.MessageHub$Handler.run(MessageHub.java:404)
	at org.gradle.internal.concurrent.ExecutorPolicy$CatchAndRecordFailures.onExecute(ExecutorPolicy.java:63)
	at org.gradle.internal.concurrent.ManagedExecutorImpl$1.run(ManagedExecutorImpl.java:46)
	at java.base/java.util.concurrent.ThreadPoolExecutor.runWorker(ThreadPoolExecutor.java:1128)
	at java.base/java.util.concurrent.ThreadPoolExecutor$Worker.run(ThreadPoolExecutor.java:628)
	at org.gradle.internal.concurrent.ThreadFactoryImpl$ManagedThreadRunnable.run(ThreadFactoryImpl.java:55)
	at java.base/java.lang.Thread.run(Thread.java:834)
</failure>
  </testcase>
  <system-out><![CDATA[?[1;31m
Start test 1?[0m
Write action (buy, fill, take, remaining, exit): 
> remaining
The coffee machine has:
400 of water
540 of milk
120 of coffee beans
9 of disposable cups
$550 of money
Write action (buy, fill, take, remaining, exit): 
> buy
What do you want to buy? 1 - espresso, 2 - latte, 3 - cappuccino, back - to main menu: 
> 2
Write action (buy, fill, take, remaining, exit): 
> buy
What do you want to buy? 1 - espresso, 2 - latte, 3 - cappuccino, back - to main menu: 
> 2
Sorry, not enough water!
I have enough resources, making you a coffee!
Write action (buy, fill, take, remaining, exit): 
> fill
Write how many ml of water do you want to add: 
> 1000
Write how many ml of milk do you want to add: 
> 0
Write how many grams of coffee beans do you want to add: 
> 0
Write how many disposable cups of coffee do you want to add: 
> 0
Write action (buy, fill, take, remaining, exit): 
]]></system-out>
  <system-err><![CDATA[]]></system-err>
</testsuite>
